<?xml version="1.0" encoding="UTF-8"?>
<testng-results skipped="0" failed="0" ignored="0" total="1" passed="1">
  <reporter-output>
    <line>
      <![CDATA[login]]>
    </line>
    <line>
      <![CDATA[logout]]>
    </line>
  </reporter-output>
  <suite name="Default suite" duration-ms="27950" started-at="2022-03-23T19:59:50 IST" finished-at="2022-03-23T20:00:18 IST">
    <groups>
    </groups>
    <test name="Default test" duration-ms="27950" started-at="2022-03-23T19:59:50 IST" finished-at="2022-03-23T20:00:18 IST">
      <class name="com.actitime.testscript.Createcustomer">
        <test-method status="PASS" signature="openbrowser()[pri:0, instance:com.actitime.testscript.Createcustomer@670b40af]" name="openbrowser" is-config="true" duration-ms="1920" started-at="2022-03-23T19:59:50 IST" finished-at="2022-03-23T19:59:52 IST">
          <reporter-output>
          </reporter-output>
        </test-method> <!-- openbrowser -->
        <test-method status="PASS" signature="login()[pri:0, instance:com.actitime.testscript.Createcustomer@670b40af]" name="login" is-config="true" duration-ms="13777" started-at="2022-03-23T19:59:52 IST" finished-at="2022-03-23T20:00:06 IST">
          <reporter-output>
          </reporter-output>
        </test-method> <!-- login -->
        <test-method status="PASS" signature="testCreatecustomer()[pri:0, instance:com.actitime.testscript.Createcustomer@670b40af]" name="testCreatecustomer" duration-ms="10382" started-at="2022-03-23T20:00:06 IST" finished-at="2022-03-23T20:00:16 IST">
          <reporter-output>
            <line>
              <![CDATA[login]]>
            </line>
          </reporter-output>
        </test-method> <!-- testCreatecustomer -->
        <test-method status="PASS" signature="logout()[pri:0, instance:com.actitime.testscript.Createcustomer@670b40af]" name="logout" is-config="true" duration-ms="1723" started-at="2022-03-23T20:00:16 IST" finished-at="2022-03-23T20:00:18 IST">
          <reporter-output>
            <line>
              <![CDATA[logout]]>
            </line>
          </reporter-output>
        </test-method> <!-- logout -->
        <test-method status="PASS" signature="closebrowser()[pri:0, instance:com.actitime.testscript.Createcustomer@670b40af]" name="closebrowser" is-config="true" duration-ms="70" started-at="2022-03-23T20:00:18 IST" finished-at="2022-03-23T20:00:18 IST">
          <reporter-output>
          </reporter-output>
        </test-method> <!-- closebrowser -->
      </class> <!-- com.actitime.testscript.Createcustomer -->
    </test> <!-- Default test -->
  </suite> <!-- Default suite -->
</testng-results>
